<?xml version="1.0" encoding="UTF-8"?>
<testsuite name="edu.eci.arsw.blueprints.test.services.ApplicationServicesTests" time="0.016" tests="1" errors="1" skipped="0" failures="0">
  <properties>
    <property name="java.runtime.name" value="Java(TM) SE Runtime Environment"/>
    <property name="java.vm.version" value="15.0.2+7-27"/>
    <property name="sun.boot.library.path" value="C:\Program Files\Java\jdk-15.0.2\bin"/>
    <property name="maven.multiModuleProjectDirectory" value="C:\Users\Lenovo\Documents\2023\2023-2\ARSW\ARSW_lab_6"/>
    <property name="java.vm.vendor" value="Oracle Corporation"/>
    <property name="java.vendor.url" value="https://java.oracle.com/"/>
    <property name="guice.disable.misplaced.annotation.check" value="true"/>
    <property name="path.separator" value=";"/>
    <property name="java.vm.name" value="Java HotSpot(TM) 64-Bit Server VM"/>
    <property name="sun.os.patch.level" value=""/>
    <property name="user.script" value=""/>
    <property name="user.country" value="ES"/>
    <property name="sun.java.launcher" value="SUN_STANDARD"/>
    <property name="java.vm.specification.name" value="Java Virtual Machine Specification"/>
    <property name="user.dir" value="C:\Users\Lenovo\Documents\2023\2023-2\ARSW\ARSW_lab_6"/>
    <property name="java.vm.compressedOopsMode" value="32-bit"/>
    <property name="java.runtime.version" value="15.0.2+7-27"/>
    <property name="os.arch" value="amd64"/>
    <property name="java.io.tmpdir" value="C:\Users\Lenovo\AppData\Local\Temp\"/>
    <property name="line.separator" value="&#10;"/>
    <property name="java.vm.specification.vendor" value="Oracle Corporation"/>
    <property name="user.variant" value=""/>
    <property name="os.name" value="Windows 10"/>
    <property name="classworlds.conf" value="C:\Program Files\maven\bin\m2.conf"/>
    <property name="sun.jnu.encoding" value="Cp1252"/>
    <property name="java.library.path" value="C:\Program Files\Java\jdk-15.0.2\bin;C:\Windows\Sun\Java\bin;C:\Windows\system32;C:\Windows;C:\app\Lenovo\product\21c\dbhomeXE\bin;C:\Python311\Scripts\;C:\Python311\;C:\Program Files\Java\jdk-15.0.2\bin;C:\Windows\system32;C:\Windows;C:\Windowns\System32\Wbem;C:\Program Files\Git\cmd;C:\Program Files\Git\mingw64\bin;C:\Program Files\Git\usr\bin;C:\Program Files\maven\bin;C:\Program Files\Docker\Docker\resources\bin;C:\Program Files\MySQL\MySQL Server 8.0\bin;C:\Program Files\nodejs\;C:\ProgramData\chocolatey\bin;C:\php;C:\ProgramData\ComposerSetup\bin;C:\Program Files\dotnet\;C:\Program Files (x86)\dotnet\;C:\Program Files\Microsoft SQL Server\Client SDK\ODBC\130\Tools\Binn\;C:\Program Files (x86)\Microsoft SQL Server\140\Tools\Binn\;C:\Program Files\Microsoft SQL Server\140\Tools\Binn\;C:\Program Files\Microsoft SQL Server\140\DTS\Binn\;C:\Program Files\MySQL\MySQL Shell 8.0\bin\;C:\Users\Lenovo\AppData\Local\Programs\Python\Python310\Scripts\;C:\Users\Lenovo\AppData\Local\Programs\Python\Python310\;C:\Users\Lenovo\AppData\Roaming\cabal\bin;C:\Users\Lenovo\AppData\Roaming\local\bin;C:\Users\Lenovo\AppData\Local\Microsoft\WindowsApps;C:\Users\Lenovo\AppData\Local\GitHubDesktop\bin;C:\Users\Lenovo\AppData\Local\Programs\Microsoft VS Code\bin;C:\Users\Lenovo\AppData\Local\gitkraken\bin;C:\Program Files\maven\bin;C:\Users\Lenovo\AppData\Roaming\npm;C:\Users\Lenovo\AppData\Roaming\Composer\vendor\bin;."/>
    <property name="maven.conf" value="C:\Program Files\maven/conf"/>
    <property name="jdk.debug" value="release"/>
    <property name="java.class.version" value="59.0"/>
    <property name="java.specification.name" value="Java Platform API Specification"/>
    <property name="sun.management.compiler" value="HotSpot 64-Bit Tiered Compilers"/>
    <property name="os.version" value="10.0"/>
    <property name="library.jansi.path" value="C:\Program Files\maven\lib\jansi-native"/>
    <property name="user.home" value="C:\Users\Lenovo"/>
    <property name="user.timezone" value="America/Bogota"/>
    <property name="file.encoding" value="Cp1252"/>
    <property name="java.specification.version" value="15"/>
    <property name="user.name" value="Lenovo"/>
    <property name="java.class.path" value="C:\Program Files\maven\boot\plexus-classworlds-2.6.0.jar"/>
    <property name="java.vm.specification.version" value="15"/>
    <property name="sun.arch.data.model" value="64"/>
    <property name="sun.java.command" value="org.codehaus.plexus.classworlds.launcher.Launcher package"/>
    <property name="java.home" value="C:\Program Files\Java\jdk-15.0.2"/>
    <property name="user.language" value="es"/>
    <property name="java.specification.vendor" value="Oracle Corporation"/>
    <property name="java.vm.info" value="mixed mode, sharing"/>
    <property name="java.version" value="15.0.2"/>
    <property name="java.vendor" value="Oracle Corporation"/>
    <property name="sun.stderr.encoding" value="cp850"/>
    <property name="maven.home" value="C:\Program Files\maven"/>
    <property name="file.separator" value="\"/>
    <property name="java.version.date" value="2021-01-19"/>
    <property name="java.vendor.url.bug" value="https://bugreport.java.com/bugreport/"/>
    <property name="sun.io.unicode.encoding" value="UnicodeLittle"/>
    <property name="sun.cpu.endian" value="little"/>
    <property name="sun.stdout.encoding" value="cp850"/>
    <property name="sun.cpu.isalist" value="amd64"/>
  </properties>
  <testcase name="initializationError" classname="edu.eci.arsw.blueprints.test.services.ApplicationServicesTests" time="0.016">
    <error message="Unable to find a @SpringBootConfiguration, you need to use @ContextConfiguration or @SpringBootTest(classes=...) with your test" type="java.lang.IllegalStateException"><![CDATA[java.lang.IllegalStateException: Unable to find a @SpringBootConfiguration, you need to use @ContextConfiguration or @SpringBootTest(classes=...) with your test
	at org.springframework.util.Assert.state(Assert.java:392)
	at org.springframework.boot.test.context.SpringBootTestContextBootstrapper.getOrFindConfigurationClasses(SpringBootTestContextBootstrapper.java:173)
	at org.springframework.boot.test.context.SpringBootTestContextBootstrapper.processMergedContextConfiguration(SpringBootTestContextBootstrapper.java:133)
	at org.springframework.test.context.support.AbstractTestContextBootstrapper.buildMergedContextConfiguration(AbstractTestContextBootstrapper.java:409)
	at org.springframework.test.context.support.AbstractTestContextBootstrapper.buildDefaultMergedContextConfiguration(AbstractTestContextBootstrapper.java:323)
	at org.springframework.test.context.support.AbstractTestContextBootstrapper.buildMergedContextConfiguration(AbstractTestContextBootstrapper.java:277)
	at org.springframework.test.context.support.AbstractTestContextBootstrapper.buildTestContext(AbstractTestContextBootstrapper.java:112)
	at org.springframework.boot.test.context.SpringBootTestContextBootstrapper.buildTestContext(SpringBootTestContextBootstrapper.java:78)
	at org.springframework.test.context.TestContextManager.<init>(TestContextManager.java:120)
	at org.springframework.test.context.TestContextManager.<init>(TestContextManager.java:105)
	at org.springframework.test.context.junit4.SpringJUnit4ClassRunner.createTestContextManager(SpringJUnit4ClassRunner.java:152)
	at org.springframework.test.context.junit4.SpringJUnit4ClassRunner.<init>(SpringJUnit4ClassRunner.java:143)
	at org.springframework.test.context.junit4.SpringRunner.<init>(SpringRunner.java:49)
	at java.base/jdk.internal.reflect.NativeConstructorAccessorImpl.newInstance0(Native Method)
	at java.base/jdk.internal.reflect.NativeConstructorAccessorImpl.newInstance(NativeConstructorAccessorImpl.java:64)
	at java.base/jdk.internal.reflect.DelegatingConstructorAccessorImpl.newInstance(DelegatingConstructorAccessorImpl.java:45)
	at java.base/java.lang.reflect.Constructor.newInstanceWithCaller(Constructor.java:500)
	at java.base/java.lang.reflect.Constructor.newInstance(Constructor.java:481)
	at org.junit.internal.builders.AnnotatedBuilder.buildRunner(AnnotatedBuilder.java:104)
	at org.junit.internal.builders.AnnotatedBuilder.runnerForClass(AnnotatedBuilder.java:86)
	at org.junit.runners.model.RunnerBuilder.safeRunnerForClass(RunnerBuilder.java:59)
	at org.junit.internal.builders.AllDefaultPossibilitiesBuilder.runnerForClass(AllDefaultPossibilitiesBuilder.java:26)
	at org.junit.runners.model.RunnerBuilder.safeRunnerForClass(RunnerBuilder.java:59)
	at org.junit.internal.requests.ClassRequest.getRunner(ClassRequest.java:33)
	at org.apache.maven.surefire.junit4.JUnit4Provider.execute(JUnit4Provider.java:283)
	at org.apache.maven.surefire.junit4.JUnit4Provider.executeWithRerun(JUnit4Provider.java:173)
	at org.apache.maven.surefire.junit4.JUnit4Provider.executeTestSet(JUnit4Provider.java:153)
	at org.apache.maven.surefire.junit4.JUnit4Provider.invoke(JUnit4Provider.java:128)
	at org.apache.maven.surefire.booter.ForkedBooter.invokeProviderInSameClassLoader(ForkedBooter.java:203)
	at org.apache.maven.surefire.booter.ForkedBooter.runSuitesInProcess(ForkedBooter.java:155)
	at org.apache.maven.surefire.booter.ForkedBooter.main(ForkedBooter.java:103)
]]></error>
    <system-out><![CDATA[11:29:22.497 [main] DEBUG org.springframework.test.context.junit4.SpringJUnit4ClassRunner - SpringJUnit4ClassRunner constructor called with [class edu.eci.arsw.blueprints.test.services.ApplicationServicesTests]
11:29:22.517 [main] DEBUG org.springframework.test.context.BootstrapUtils - Instantiating CacheAwareContextLoaderDelegate from class [org.springframework.test.context.cache.DefaultCacheAwareContextLoaderDelegate]
11:29:22.534 [main] DEBUG org.springframework.test.context.BootstrapUtils - Instantiating BootstrapContext using constructor [public org.springframework.test.context.support.DefaultBootstrapContext(java.lang.Class,org.springframework.test.context.CacheAwareContextLoaderDelegate)]
11:29:22.563 [main] DEBUG org.springframework.test.context.BootstrapUtils - Instantiating TestContextBootstrapper for test class [edu.eci.arsw.blueprints.test.services.ApplicationServicesTests] from class [org.springframework.boot.test.context.SpringBootTestContextBootstrapper]
11:29:22.576 [main] INFO org.springframework.boot.test.context.SpringBootTestContextBootstrapper - Neither @ContextConfiguration nor @ContextHierarchy found for test class [edu.eci.arsw.blueprints.test.services.ApplicationServicesTests], using SpringBootContextLoader
11:29:22.587 [main] DEBUG org.springframework.test.context.support.AbstractContextLoader - Did not detect default resource location for test class [edu.eci.arsw.blueprints.test.services.ApplicationServicesTests]: class path resource [edu/eci/arsw/blueprints/test/services/ApplicationServicesTests-context.xml] does not exist
11:29:22.588 [main] DEBUG org.springframework.test.context.support.AbstractContextLoader - Did not detect default resource location for test class [edu.eci.arsw.blueprints.test.services.ApplicationServicesTests]: class path resource [edu/eci/arsw/blueprints/test/services/ApplicationServicesTestsContext.groovy] does not exist
11:29:22.588 [main] INFO org.springframework.test.context.support.AbstractContextLoader - Could not detect default resource locations for test class [edu.eci.arsw.blueprints.test.services.ApplicationServicesTests]: no resource found for suffixes {-context.xml, Context.groovy}.
11:29:22.590 [main] INFO org.springframework.test.context.support.AnnotationConfigContextLoaderUtils - Could not detect default configuration classes for test class [edu.eci.arsw.blueprints.test.services.ApplicationServicesTests]: ApplicationServicesTests does not declare any static, non-private, non-final, nested classes annotated with @Configuration.
11:29:22.628 [main] DEBUG org.springframework.test.context.support.ActiveProfilesUtils - Could not find an 'annotation declaring class' for annotation type [org.springframework.test.context.ActiveProfiles] and class [edu.eci.arsw.blueprints.test.services.ApplicationServicesTests]
11:29:22.659 [main] DEBUG org.springframework.core.env.StandardEnvironment - Adding [systemProperties] PropertySource with lowest search precedence
11:29:22.659 [main] DEBUG org.springframework.core.env.StandardEnvironment - Adding [systemEnvironment] PropertySource with lowest search precedence
11:29:22.659 [main] DEBUG org.springframework.core.env.StandardEnvironment - Initialized StandardEnvironment with PropertySources [systemProperties,systemEnvironment]
11:29:22.675 [main] DEBUG org.springframework.core.io.support.PathMatchingResourcePatternResolver - Resolved classpath location [edu/eci/arsw/blueprints/test/services/] to resources [URL [file:/C:/Users/Lenovo/Documents/2023/2023-2/ARSW/ARSW_lab_6/target/test-classes/edu/eci/arsw/blueprints/test/services/]]
11:29:22.675 [main] DEBUG org.springframework.core.io.support.PathMatchingResourcePatternResolver - Looking for matching resources in directory tree [C:\Users\Lenovo\Documents\2023\2023-2\ARSW\ARSW_lab_6\target\test-classes\edu\eci\arsw\blueprints\test\services]
11:29:22.675 [main] DEBUG org.springframework.core.io.support.PathMatchingResourcePatternResolver - Searching directory [C:\Users\Lenovo\Documents\2023\2023-2\ARSW\ARSW_lab_6\target\test-classes\edu\eci\arsw\blueprints\test\services] for files matching pattern [C:/Users/Lenovo/Documents/2023/2023-2/ARSW/ARSW_lab_6/target/test-classes/edu/eci/arsw/blueprints/test/services/*.class]
11:29:22.675 [main] DEBUG org.springframework.core.io.support.PathMatchingResourcePatternResolver - Resolved location pattern [classpath*:edu/eci/arsw/blueprints/test/services/*.class] to resources [file [C:\Users\Lenovo\Documents\2023\2023-2\ARSW\ARSW_lab_6\target\test-classes\edu\eci\arsw\blueprints\test\services\ApplicationServicesTests.class]]
11:29:22.690 [main] DEBUG org.springframework.core.io.support.PathMatchingResourcePatternResolver - Resolved classpath location [edu/eci/arsw/blueprints/test/] to resources [URL [file:/C:/Users/Lenovo/Documents/2023/2023-2/ARSW/ARSW_lab_6/target/test-classes/edu/eci/arsw/blueprints/test/]]
11:29:22.690 [main] DEBUG org.springframework.core.io.support.PathMatchingResourcePatternResolver - Looking for matching resources in directory tree [C:\Users\Lenovo\Documents\2023\2023-2\ARSW\ARSW_lab_6\target\test-classes\edu\eci\arsw\blueprints\test]
11:29:22.690 [main] DEBUG org.springframework.core.io.support.PathMatchingResourcePatternResolver - Searching directory [C:\Users\Lenovo\Documents\2023\2023-2\ARSW\ARSW_lab_6\target\test-classes\edu\eci\arsw\blueprints\test] for files matching pattern [C:/Users/Lenovo/Documents/2023/2023-2/ARSW/ARSW_lab_6/target/test-classes/edu/eci/arsw/blueprints/test/*.class]
11:29:22.690 [main] DEBUG org.springframework.core.io.support.PathMatchingResourcePatternResolver - Resolved location pattern [classpath*:edu/eci/arsw/blueprints/test/*.class] to resources []
11:29:22.690 [main] DEBUG org.springframework.core.io.support.PathMatchingResourcePatternResolver - Resolved classpath location [edu/eci/arsw/blueprints/] to resources [URL [file:/C:/Users/Lenovo/Documents/2023/2023-2/ARSW/ARSW_lab_6/target/test-classes/edu/eci/arsw/blueprints/], URL [file:/C:/Users/Lenovo/Documents/2023/2023-2/ARSW/ARSW_lab_6/target/classes/edu/eci/arsw/blueprints/]]
11:29:22.690 [main] DEBUG org.springframework.core.io.support.PathMatchingResourcePatternResolver - Looking for matching resources in directory tree [C:\Users\Lenovo\Documents\2023\2023-2\ARSW\ARSW_lab_6\target\test-classes\edu\eci\arsw\blueprints]
11:29:22.690 [main] DEBUG org.springframework.core.io.support.PathMatchingResourcePatternResolver - Searching directory [C:\Users\Lenovo\Documents\2023\2023-2\ARSW\ARSW_lab_6\target\test-classes\edu\eci\arsw\blueprints] for files matching pattern [C:/Users/Lenovo/Documents/2023/2023-2/ARSW/ARSW_lab_6/target/test-classes/edu/eci/arsw/blueprints/*.class]
11:29:22.690 [main] DEBUG org.springframework.core.io.support.PathMatchingResourcePatternResolver - Looking for matching resources in directory tree [C:\Users\Lenovo\Documents\2023\2023-2\ARSW\ARSW_lab_6\target\classes\edu\eci\arsw\blueprints]
11:29:22.690 [main] DEBUG org.springframework.core.io.support.PathMatchingResourcePatternResolver - Searching directory [C:\Users\Lenovo\Documents\2023\2023-2\ARSW\ARSW_lab_6\target\classes\edu\eci\arsw\blueprints] for files matching pattern [C:/Users/Lenovo/Documents/2023/2023-2/ARSW/ARSW_lab_6/target/classes/edu/eci/arsw/blueprints/*.class]
11:29:22.690 [main] DEBUG org.springframework.core.io.support.PathMatchingResourcePatternResolver - Resolved location pattern [classpath*:edu/eci/arsw/blueprints/*.class] to resources []
11:29:22.690 [main] DEBUG org.springframework.core.io.support.PathMatchingResourcePatternResolver - Resolved classpath location [edu/eci/arsw/] to resources [URL [file:/C:/Users/Lenovo/Documents/2023/2023-2/ARSW/ARSW_lab_6/target/test-classes/edu/eci/arsw/], URL [file:/C:/Users/Lenovo/Documents/2023/2023-2/ARSW/ARSW_lab_6/target/classes/edu/eci/arsw/]]
11:29:22.690 [main] DEBUG org.springframework.core.io.support.PathMatchingResourcePatternResolver - Looking for matching resources in directory tree [C:\Users\Lenovo\Documents\2023\2023-2\ARSW\ARSW_lab_6\target\test-classes\edu\eci\arsw]
11:29:22.690 [main] DEBUG org.springframework.core.io.support.PathMatchingResourcePatternResolver - Searching directory [C:\Users\Lenovo\Documents\2023\2023-2\ARSW\ARSW_lab_6\target\test-classes\edu\eci\arsw] for files matching pattern [C:/Users/Lenovo/Documents/2023/2023-2/ARSW/ARSW_lab_6/target/test-classes/edu/eci/arsw/*.class]
11:29:22.690 [main] DEBUG org.springframework.core.io.support.PathMatchingResourcePatternResolver - Looking for matching resources in directory tree [C:\Users\Lenovo\Documents\2023\2023-2\ARSW\ARSW_lab_6\target\classes\edu\eci\arsw]
11:29:22.690 [main] DEBUG org.springframework.core.io.support.PathMatchingResourcePatternResolver - Searching directory [C:\Users\Lenovo\Documents\2023\2023-2\ARSW\ARSW_lab_6\target\classes\edu\eci\arsw] for files matching pattern [C:/Users/Lenovo/Documents/2023/2023-2/ARSW/ARSW_lab_6/target/classes/edu/eci/arsw/*.class]
11:29:22.690 [main] DEBUG org.springframework.core.io.support.PathMatchingResourcePatternResolver - Resolved location pattern [classpath*:edu/eci/arsw/*.class] to resources []
11:29:22.706 [main] DEBUG org.springframework.core.io.support.PathMatchingResourcePatternResolver - Resolved classpath location [edu/eci/] to resources [URL [file:/C:/Users/Lenovo/Documents/2023/2023-2/ARSW/ARSW_lab_6/target/test-classes/edu/eci/], URL [file:/C:/Users/Lenovo/Documents/2023/2023-2/ARSW/ARSW_lab_6/target/classes/edu/eci/]]
11:29:22.706 [main] DEBUG org.springframework.core.io.support.PathMatchingResourcePatternResolver - Looking for matching resources in directory tree [C:\Users\Lenovo\Documents\2023\2023-2\ARSW\ARSW_lab_6\target\test-classes\edu\eci]
11:29:22.706 [main] DEBUG org.springframework.core.io.support.PathMatchingResourcePatternResolver - Searching directory [C:\Users\Lenovo\Documents\2023\2023-2\ARSW\ARSW_lab_6\target\test-classes\edu\eci] for files matching pattern [C:/Users/Lenovo/Documents/2023/2023-2/ARSW/ARSW_lab_6/target/test-classes/edu/eci/*.class]
11:29:22.706 [main] DEBUG org.springframework.core.io.support.PathMatchingResourcePatternResolver - Looking for matching resources in directory tree [C:\Users\Lenovo\Documents\2023\2023-2\ARSW\ARSW_lab_6\target\classes\edu\eci]
11:29:22.706 [main] DEBUG org.springframework.core.io.support.PathMatchingResourcePatternResolver - Searching directory [C:\Users\Lenovo\Documents\2023\2023-2\ARSW\ARSW_lab_6\target\classes\edu\eci] for files matching pattern [C:/Users/Lenovo/Documents/2023/2023-2/ARSW/ARSW_lab_6/target/classes/edu/eci/*.class]
11:29:22.706 [main] DEBUG org.springframework.core.io.support.PathMatchingResourcePatternResolver - Resolved location pattern [classpath*:edu/eci/*.class] to resources []
11:29:22.706 [main] DEBUG org.springframework.core.io.support.PathMatchingResourcePatternResolver - Resolved classpath location [edu/] to resources [URL [file:/C:/Users/Lenovo/Documents/2023/2023-2/ARSW/ARSW_lab_6/target/test-classes/edu/], URL [file:/C:/Users/Lenovo/Documents/2023/2023-2/ARSW/ARSW_lab_6/target/classes/edu/]]
11:29:22.706 [main] DEBUG org.springframework.core.io.support.PathMatchingResourcePatternResolver - Looking for matching resources in directory tree [C:\Users\Lenovo\Documents\2023\2023-2\ARSW\ARSW_lab_6\target\test-classes\edu]
11:29:22.706 [main] DEBUG org.springframework.core.io.support.PathMatchingResourcePatternResolver - Searching directory [C:\Users\Lenovo\Documents\2023\2023-2\ARSW\ARSW_lab_6\target\test-classes\edu] for files matching pattern [C:/Users/Lenovo/Documents/2023/2023-2/ARSW/ARSW_lab_6/target/test-classes/edu/*.class]
11:29:22.706 [main] DEBUG org.springframework.core.io.support.PathMatchingResourcePatternResolver - Looking for matching resources in directory tree [C:\Users\Lenovo\Documents\2023\2023-2\ARSW\ARSW_lab_6\target\classes\edu]
11:29:22.706 [main] DEBUG org.springframework.core.io.support.PathMatchingResourcePatternResolver - Searching directory [C:\Users\Lenovo\Documents\2023\2023-2\ARSW\ARSW_lab_6\target\classes\edu] for files matching pattern [C:/Users/Lenovo/Documents/2023/2023-2/ARSW/ARSW_lab_6/target/classes/edu/*.class]
11:29:22.712 [main] DEBUG org.springframework.core.io.support.PathMatchingResourcePatternResolver - Resolved location pattern [classpath*:edu/*.class] to resources []
11:29:22.712 [main] DEBUG org.springframework.test.context.junit4.SpringJUnit4ClassRunner - SpringJUnit4ClassRunner constructor called with [class edu.eci.arsw.blueprints.test.services.ApplicationServicesTests]
11:29:22.712 [main] DEBUG org.springframework.test.context.BootstrapUtils - Instantiating CacheAwareContextLoaderDelegate from class [org.springframework.test.context.cache.DefaultCacheAwareContextLoaderDelegate]
11:29:22.712 [main] DEBUG org.springframework.test.context.BootstrapUtils - Instantiating BootstrapContext using constructor [public org.springframework.test.context.support.DefaultBootstrapContext(java.lang.Class,org.springframework.test.context.CacheAwareContextLoaderDelegate)]
11:29:22.712 [main] DEBUG org.springframework.test.context.BootstrapUtils - Instantiating TestContextBootstrapper for test class [edu.eci.arsw.blueprints.test.services.ApplicationServicesTests] from class [org.springframework.boot.test.context.SpringBootTestContextBootstrapper]
11:29:22.712 [main] INFO org.springframework.boot.test.context.SpringBootTestContextBootstrapper - Neither @ContextConfiguration nor @ContextHierarchy found for test class [edu.eci.arsw.blueprints.test.services.ApplicationServicesTests], using SpringBootContextLoader
11:29:22.712 [main] DEBUG org.springframework.test.context.support.AbstractContextLoader - Did not detect default resource location for test class [edu.eci.arsw.blueprints.test.services.ApplicationServicesTests]: class path resource [edu/eci/arsw/blueprints/test/services/ApplicationServicesTests-context.xml] does not exist
11:29:22.712 [main] DEBUG org.springframework.test.context.support.AbstractContextLoader - Did not detect default resource location for test class [edu.eci.arsw.blueprints.test.services.ApplicationServicesTests]: class path resource [edu/eci/arsw/blueprints/test/services/ApplicationServicesTestsContext.groovy] does not exist
11:29:22.712 [main] INFO org.springframework.test.context.support.AbstractContextLoader - Could not detect default resource locations for test class [edu.eci.arsw.blueprints.test.services.ApplicationServicesTests]: no resource found for suffixes {-context.xml, Context.groovy}.
11:29:22.712 [main] INFO org.springframework.test.context.support.AnnotationConfigContextLoaderUtils - Could not detect default configuration classes for test class [edu.eci.arsw.blueprints.test.services.ApplicationServicesTests]: ApplicationServicesTests does not declare any static, non-private, non-final, nested classes annotated with @Configuration.
11:29:22.728 [main] DEBUG org.springframework.test.context.support.ActiveProfilesUtils - Could not find an 'annotation declaring class' for annotation type [org.springframework.test.context.ActiveProfiles] and class [edu.eci.arsw.blueprints.test.services.ApplicationServicesTests]
11:29:22.728 [main] DEBUG org.springframework.core.env.StandardEnvironment - Adding [systemProperties] PropertySource with lowest search precedence
11:29:22.728 [main] DEBUG org.springframework.core.env.StandardEnvironment - Adding [systemEnvironment] PropertySource with lowest search precedence
11:29:22.728 [main] DEBUG org.springframework.core.env.StandardEnvironment - Initialized StandardEnvironment with PropertySources [systemProperties,systemEnvironment]
11:29:22.728 [main] DEBUG org.springframework.core.io.support.PathMatchingResourcePatternResolver - Resolved classpath location [edu/eci/arsw/blueprints/test/services/] to resources [URL [file:/C:/Users/Lenovo/Documents/2023/2023-2/ARSW/ARSW_lab_6/target/test-classes/edu/eci/arsw/blueprints/test/services/]]
11:29:22.728 [main] DEBUG org.springframework.core.io.support.PathMatchingResourcePatternResolver - Looking for matching resources in directory tree [C:\Users\Lenovo\Documents\2023\2023-2\ARSW\ARSW_lab_6\target\test-classes\edu\eci\arsw\blueprints\test\services]
11:29:22.728 [main] DEBUG org.springframework.core.io.support.PathMatchingResourcePatternResolver - Searching directory [C:\Users\Lenovo\Documents\2023\2023-2\ARSW\ARSW_lab_6\target\test-classes\edu\eci\arsw\blueprints\test\services] for files matching pattern [C:/Users/Lenovo/Documents/2023/2023-2/ARSW/ARSW_lab_6/target/test-classes/edu/eci/arsw/blueprints/test/services/*.class]
11:29:22.728 [main] DEBUG org.springframework.core.io.support.PathMatchingResourcePatternResolver - Resolved location pattern [classpath*:edu/eci/arsw/blueprints/test/services/*.class] to resources [file [C:\Users\Lenovo\Documents\2023\2023-2\ARSW\ARSW_lab_6\target\test-classes\edu\eci\arsw\blueprints\test\services\ApplicationServicesTests.class]]
11:29:22.744 [main] DEBUG org.springframework.core.io.support.PathMatchingResourcePatternResolver - Resolved classpath location [edu/eci/arsw/blueprints/test/] to resources [URL [file:/C:/Users/Lenovo/Documents/2023/2023-2/ARSW/ARSW_lab_6/target/test-classes/edu/eci/arsw/blueprints/test/]]
11:29:22.744 [main] DEBUG org.springframework.core.io.support.PathMatchingResourcePatternResolver - Looking for matching resources in directory tree [C:\Users\Lenovo\Documents\2023\2023-2\ARSW\ARSW_lab_6\target\test-classes\edu\eci\arsw\blueprints\test]
11:29:22.744 [main] DEBUG org.springframework.core.io.support.PathMatchingResourcePatternResolver - Searching directory [C:\Users\Lenovo\Documents\2023\2023-2\ARSW\ARSW_lab_6\target\test-classes\edu\eci\arsw\blueprints\test] for files matching pattern [C:/Users/Lenovo/Documents/2023/2023-2/ARSW/ARSW_lab_6/target/test-classes/edu/eci/arsw/blueprints/test/*.class]
11:29:22.744 [main] DEBUG org.springframework.core.io.support.PathMatchingResourcePatternResolver - Resolved location pattern [classpath*:edu/eci/arsw/blueprints/test/*.class] to resources []
11:29:22.744 [main] DEBUG org.springframework.core.io.support.PathMatchingResourcePatternResolver - Resolved classpath location [edu/eci/arsw/blueprints/] to resources [URL [file:/C:/Users/Lenovo/Documents/2023/2023-2/ARSW/ARSW_lab_6/target/test-classes/edu/eci/arsw/blueprints/], URL [file:/C:/Users/Lenovo/Documents/2023/2023-2/ARSW/ARSW_lab_6/target/classes/edu/eci/arsw/blueprints/]]
11:29:22.744 [main] DEBUG org.springframework.core.io.support.PathMatchingResourcePatternResolver - Looking for matching resources in directory tree [C:\Users\Lenovo\Documents\2023\2023-2\ARSW\ARSW_lab_6\target\test-classes\edu\eci\arsw\blueprints]
11:29:22.744 [main] DEBUG org.springframework.core.io.support.PathMatchingResourcePatternResolver - Searching directory [C:\Users\Lenovo\Documents\2023\2023-2\ARSW\ARSW_lab_6\target\test-classes\edu\eci\arsw\blueprints] for files matching pattern [C:/Users/Lenovo/Documents/2023/2023-2/ARSW/ARSW_lab_6/target/test-classes/edu/eci/arsw/blueprints/*.class]
11:29:22.744 [main] DEBUG org.springframework.core.io.support.PathMatchingResourcePatternResolver - Looking for matching resources in directory tree [C:\Users\Lenovo\Documents\2023\2023-2\ARSW\ARSW_lab_6\target\classes\edu\eci\arsw\blueprints]
11:29:22.744 [main] DEBUG org.springframework.core.io.support.PathMatchingResourcePatternResolver - Searching directory [C:\Users\Lenovo\Documents\2023\2023-2\ARSW\ARSW_lab_6\target\classes\edu\eci\arsw\blueprints] for files matching pattern [C:/Users/Lenovo/Documents/2023/2023-2/ARSW/ARSW_lab_6/target/classes/edu/eci/arsw/blueprints/*.class]
11:29:22.744 [main] DEBUG org.springframework.core.io.support.PathMatchingResourcePatternResolver - Resolved location pattern [classpath*:edu/eci/arsw/blueprints/*.class] to resources []
11:29:22.744 [main] DEBUG org.springframework.core.io.support.PathMatchingResourcePatternResolver - Resolved classpath location [edu/eci/arsw/] to resources [URL [file:/C:/Users/Lenovo/Documents/2023/2023-2/ARSW/ARSW_lab_6/target/test-classes/edu/eci/arsw/], URL [file:/C:/Users/Lenovo/Documents/2023/2023-2/ARSW/ARSW_lab_6/target/classes/edu/eci/arsw/]]
11:29:22.744 [main] DEBUG org.springframework.core.io.support.PathMatchingResourcePatternResolver - Looking for matching resources in directory tree [C:\Users\Lenovo\Documents\2023\2023-2\ARSW\ARSW_lab_6\target\test-classes\edu\eci\arsw]
11:29:22.744 [main] DEBUG org.springframework.core.io.support.PathMatchingResourcePatternResolver - Searching directory [C:\Users\Lenovo\Documents\2023\2023-2\ARSW\ARSW_lab_6\target\test-classes\edu\eci\arsw] for files matching pattern [C:/Users/Lenovo/Documents/2023/2023-2/ARSW/ARSW_lab_6/target/test-classes/edu/eci/arsw/*.class]
11:29:22.744 [main] DEBUG org.springframework.core.io.support.PathMatchingResourcePatternResolver - Looking for matching resources in directory tree [C:\Users\Lenovo\Documents\2023\2023-2\ARSW\ARSW_lab_6\target\classes\edu\eci\arsw]
11:29:22.744 [main] DEBUG org.springframework.core.io.support.PathMatchingResourcePatternResolver - Searching directory [C:\Users\Lenovo\Documents\2023\2023-2\ARSW\ARSW_lab_6\target\classes\edu\eci\arsw] for files matching pattern [C:/Users/Lenovo/Documents/2023/2023-2/ARSW/ARSW_lab_6/target/classes/edu/eci/arsw/*.class]
11:29:22.744 [main] DEBUG org.springframework.core.io.support.PathMatchingResourcePatternResolver - Resolved location pattern [classpath*:edu/eci/arsw/*.class] to resources []
11:29:22.744 [main] DEBUG org.springframework.core.io.support.PathMatchingResourcePatternResolver - Resolved classpath location [edu/eci/] to resources [URL [file:/C:/Users/Lenovo/Documents/2023/2023-2/ARSW/ARSW_lab_6/target/test-classes/edu/eci/], URL [file:/C:/Users/Lenovo/Documents/2023/2023-2/ARSW/ARSW_lab_6/target/classes/edu/eci/]]
11:29:22.744 [main] DEBUG org.springframework.core.io.support.PathMatchingResourcePatternResolver - Looking for matching resources in directory tree [C:\Users\Lenovo\Documents\2023\2023-2\ARSW\ARSW_lab_6\target\test-classes\edu\eci]
11:29:22.744 [main] DEBUG org.springframework.core.io.support.PathMatchingResourcePatternResolver - Searching directory [C:\Users\Lenovo\Documents\2023\2023-2\ARSW\ARSW_lab_6\target\test-classes\edu\eci] for files matching pattern [C:/Users/Lenovo/Documents/2023/2023-2/ARSW/ARSW_lab_6/target/test-classes/edu/eci/*.class]
11:29:22.744 [main] DEBUG org.springframework.core.io.support.PathMatchingResourcePatternResolver - Looking for matching resources in directory tree [C:\Users\Lenovo\Documents\2023\2023-2\ARSW\ARSW_lab_6\target\classes\edu\eci]
11:29:22.759 [main] DEBUG org.springframework.core.io.support.PathMatchingResourcePatternResolver - Searching directory [C:\Users\Lenovo\Documents\2023\2023-2\ARSW\ARSW_lab_6\target\classes\edu\eci] for files matching pattern [C:/Users/Lenovo/Documents/2023/2023-2/ARSW/ARSW_lab_6/target/classes/edu/eci/*.class]
11:29:22.759 [main] DEBUG org.springframework.core.io.support.PathMatchingResourcePatternResolver - Resolved location pattern [classpath*:edu/eci/*.class] to resources []
11:29:22.759 [main] DEBUG org.springframework.core.io.support.PathMatchingResourcePatternResolver - Resolved classpath location [edu/] to resources [URL [file:/C:/Users/Lenovo/Documents/2023/2023-2/ARSW/ARSW_lab_6/target/test-classes/edu/], URL [file:/C:/Users/Lenovo/Documents/2023/2023-2/ARSW/ARSW_lab_6/target/classes/edu/]]
11:29:22.759 [main] DEBUG org.springframework.core.io.support.PathMatchingResourcePatternResolver - Looking for matching resources in directory tree [C:\Users\Lenovo\Documents\2023\2023-2\ARSW\ARSW_lab_6\target\test-classes\edu]
11:29:22.759 [main] DEBUG org.springframework.core.io.support.PathMatchingResourcePatternResolver - Searching directory [C:\Users\Lenovo\Documents\2023\2023-2\ARSW\ARSW_lab_6\target\test-classes\edu] for files matching pattern [C:/Users/Lenovo/Documents/2023/2023-2/ARSW/ARSW_lab_6/target/test-classes/edu/*.class]
11:29:22.759 [main] DEBUG org.springframework.core.io.support.PathMatchingResourcePatternResolver - Looking for matching resources in directory tree [C:\Users\Lenovo\Documents\2023\2023-2\ARSW\ARSW_lab_6\target\classes\edu]
11:29:22.759 [main] DEBUG org.springframework.core.io.support.PathMatchingResourcePatternResolver - Searching directory [C:\Users\Lenovo\Documents\2023\2023-2\ARSW\ARSW_lab_6\target\classes\edu] for files matching pattern [C:/Users/Lenovo/Documents/2023/2023-2/ARSW/ARSW_lab_6/target/classes/edu/*.class]
11:29:22.759 [main] DEBUG org.springframework.core.io.support.PathMatchingResourcePatternResolver - Resolved location pattern [classpath*:edu/*.class] to resources []
]]></system-out>
  </testcase>
</testsuite>